99 0 98 96 2.35799 0 4 0 13 0 111000100110011
98 99 80 97 1.46659 0.891397 1 1 5 5 ---0001--------
80 98 79 59 0.0608074 1.40579 4 1 13 1 000111011001100
79 80 12 16 0.0475783 0.013229 4 4 13 13 000111011001100
12 79 0 0 0 0.0475783 4 4 13 13 000111011001100
16 79 0 0 0 0.0475783 4 4 13 13 000111011001100
59 80 56 23 0.012629 0.0481784 4 1 13 13 111111011001100
56 59 31 7 0.00747879 0.00515017 4 4 13 13 111111011001100
31 56 0 0 0 0.00747879 4 4 13 13 111111011001100
7 56 0 0 0 0.00747879 4 4 13 13 111111011001100
23 59 0 0 0 0.012629 4 4 13 13 111111011001100
97 98 94 95 1.00872 0.457872 4 1 5 5 1110001--------
94 97 93 84 0.384553 0.624169 3 3 13 4 -11000100110011
93 94 72 76 0.28865 0.0959033 4 3 13 13 111000100110011
72 93 48 70 0.0389436 0.249706 4 4 13 13 111000100110011
48 72 0 0 0 0.0389436 4 4 13 13 111000100110011
70 72 6 68 0.0357377 0.00320584 4 4 13 13 111000100110011
6 70 0 0 0 0.0357377 4 4 13 13 111000100110011
68 70 57 19 0.0349081 0.00082967 4 4 13 13 111000100110011
57 68 37 24 0.00844294 0.0264651 4 4 13 13 111000100110011
37 57 0 0 0 0.00844294 4 4 13 13 111000100110011
24 57 0 0 0 0.00844294 4 4 13 13 111000100110011
19 68 0 0 0 0.0349081 4 4 13 13 111000100110011
76 93 29 30 0.0448116 0.243838 4 4 13 13 111000100110011
29 76 0 0 0 0.0448116 4 4 13 13 111000100110011
30 76 0 0 0 0.0448116 4 4 13 13 111000100110011
84 94 78 60 0.0939738 0.290579 4 1 13 1 111001011001100
78 84 75 13 0.0475378 0.046436 4 4 13 13 111001011001100
75 78 74 44 0.0424951 0.00504274 4 4 13 13 111001011001100
74 75 47 11 0.041686 0.000809087 4 4 13 13 111001011001100
47 74 0 0 0 0.041686 4 4 13 13 111001011001100
11 74 0 0 0 0.041686 4 4 13 13 111001011001100
44 75 0 0 0 0.0424951 4 1 13 13 011001011001100
13 78 0 0 0 0.0475378 4 4 13 13 111001011001100
60 84 4 54 0.0183486 0.0756252 4 4 13 13 111001011001100
4 60 0 0 0 0.0183486 4 4 13 13 111001011001100
54 60 52 50 0.00361278 0.0147358 4 4 13 13 111001011001100
52 54 39 43 0.00220488 0.0014079 4 4 13 13 111001011001100
39 52 0 0 0 0.00220488 4 4 13 13 111001011001100
43 52 0 0 0 0.00220488 4 4 13 13 111001011001100
50 54 0 0 0 0.00361278 4 4 13 13 111001011001100
95 97 55 1 0.44203 0.566692 4 4 13 5 111000111000001
55 95 33 40 0.00679642 0.435233 4 1 13 12 111000111000001
33 55 0 0 0 0.00679642 4 4 13 13 111000111000001
40 55 0 0 0 0.00679642 4 4 13 13 111000111000001
1 95 0 0 0 0.44203 4 4 13 13 111000111000001
96 99 92 90 0.709468 1.64852 4 4 13 13 111000100110011
92 96 91 86 0.287665 0.421803 4 4 13 13 111000100110011
91 92 88 71 0.282638 0.00502658 4 4 13 13 111000100110011
88 91 35 65 0.142835 0.139803 4 4 13 13 111000100110011
35 88 0 0 0 0.142835 4 4 13 13 111000100110011
65 88 26 15 0.0276684 0.115166 4 4 13 13 111000100110011
26 65 0 0 0 0.0276684 4 4 13 13 111000100110011
15 65 0 0 0 0.0276684 4 4 13 13 111000100110011
71 91 63 46 0.0367443 0.245894 4 1 13 13 000000100110011
63 71 10 38 0.0249837 0.0117606 4 4 13 13 000000100110011
10 63 0 0 0 0.0249837 4 4 13 13 000000100110011
38 63 0 0 0 0.0249837 4 4 13 13 000000100110011
46 71 0 0 0 0.0367443 4 4 13 13 000000100110011
86 92 25 83 0.105042 0.182623 4 4 13 13 111000100110011
25 86 0 0 0 0.105042 4 4 13 13 111000100110011
83 86 20 81 0.0898528 0.0151892 4 4 13 13 111000100110011
20 83 0 0 0 0.0898528 4 4 13 13 111000100110011
81 83 69 67 0.0706794 0.0191734 4 4 13 13 111000100110011
69 81 5 9 0.035437 0.0352424 4 4 13 13 111000100110011
5 69 0 0 0 0.035437 4 4 13 13 111000100110011
9 69 0 0 0 0.035437 4 4 13 13 111000100110011
67 81 27 22 0.0320279 0.0386515 4 4 13 13 111000100110011
27 67 0 0 0 0.0320279 4 4 13 13 111000100110011
22 67 0 0 0 0.0320279 4 4 13 13 111000100110011
90 96 89 87 0.189494 0.519973 4 1 13 7 111000100110001
89 90 45 73 0.156819 0.0326751 4 4 13 13 111000100110001
45 89 0 0 0 0.156819 4 4 13 13 111000100110001
73 89 42 49 0.0405496 0.11627 4 4 13 13 111000100110001
42 73 0 0 0 0.0405496 4 4 13 13 111000100110001
49 73 0 0 0 0.0405496 4 4 13 1 111111011001100
87 90 66 85 0.136613 0.0528818 4 4 13 13 111000100110001
66 87 36 2 0.0303843 0.106228 4 4 13 13 111000100110001
36 66 0 0 0 0.0303843 4 4 13 13 111000100110001
2 66 0 0 0 0.0303843 4 4 13 13 111000100110001
85 87 53 82 0.104793 0.0318191 4 4 13 13 111000100110001
53 85 32 34 0.00317101 0.101622 4 4 13 13 111000100110001
32 53 0 0 0 0.00317101 4 4 13 13 111000100110001
34 53 0 0 0 0.00317101 4 4 13 13 111000100110001
82 85 62 77 0.0803557 0.0244378 4 4 13 13 111000100110001
62 82 58 51 0.0218823 0.0584734 4 4 13 1 111111011001100
58 62 41 21 0.00846777 0.0134145 4 4 13 13 111111011001100
41 58 0 0 0 0.00846777 4 4 13 13 111111011001100
21 58 0 0 0 0.00846777 4 4 13 13 111111011001100
51 62 3 17 0.0021704 0.0197119 4 4 13 13 111111011001100
3 51 0 0 0 0.0021704 4 4 13 13 111111011001100
17 51 0 0 0 0.0021704 4 4 13 13 111111011001100
77 82 28 64 0.0454957 0.03486 4 4 13 13 111000100110001
28 77 0 0 0 0.0454957 4 4 13 13 111000100110001
64 77 61 14 0.0251798 0.0203159 4 4 13 13 111000100110001
61 64 8 18 0.0188159 0.00636391 4 4 13 13 111000100110001
8 61 0 0 0 0.0188159 4 4 13 13 111000100110001
18 61 0 0 0 0.0188159 4 4 13 13 111000100110001
14 64 0 0 0 0.0251798 4 4 13 13 111000100110001
