99 0 97 98 3.21742 0 1 0 5 0 ---0010--------
97 99 95 93 0.595054 2.62236 4 1 10 5 111001011001---
95 97 94 83 0.421223 0.17383 1 1 13 10 ---001011001100
94 95 86 89 0.259869 0.161354 4 1 13 1 111111011001100
86 94 15 11 0.0634567 0.196413 4 1 13 13 000111011001100
15 86 0 0 0 0.0634567 4 4 13 13 000111011001100
11 86 0 0 0 0.0634567 4 4 13 13 000111011001100
89 94 32 21 0.0986625 0.161207 4 4 13 13 111111011001100
32 89 0 0 0 0.0986625 4 4 13 13 111111011001100
21 89 0 0 0 0.0986625 4 4 13 13 111111011001100
83 95 80 76 0.0558077 0.365416 4 1 13 13 111001011001100
80 83 48 73 0.0430215 0.0127862 4 4 13 13 111001011001100
48 80 0 0 0 0.0430215 4 4 13 13 111001011001100
73 80 49 58 0.0276754 0.0153462 4 4 13 13 111001011001100
49 73 0 0 0 0.0276754 4 4 13 13 111001011001100
58 73 39 54 0.00290646 0.0247689 4 4 13 13 111001011001100
39 58 0 0 0 0.00290646 4 4 13 13 111001011001100
54 58 44 14 0.00116774 0.00173871 4 4 13 13 111001011001100
44 54 0 0 0 0.00116774 4 3 13 13 011001011001100
14 54 0 0 0 0.00116774 4 4 13 13 111001011001100
76 83 61 3 0.0304745 0.0253332 4 4 13 13 111001011001100
61 76 43 12 0.00698667 0.0234878 4 4 13 13 111001011001100
43 61 0 0 0 0.00698667 4 4 13 13 111001011001100
12 61 0 0 0 0.00698667 4 4 13 13 111001011001100
3 76 0 0 0 0.0304745 4 4 13 13 111001011001100
93 97 92 90 0.24715 0.347903 4 4 3 1 11111----------
92 93 87 91 0.162858 0.0842918 4 4 13 1 111000100110011
87 92 62 67 0.0941544 0.0687041 4 4 13 5 111000100110001
62 87 31 33 0.00715735 0.086997 4 4 13 13 111000100110001
31 62 0 0 0 0.00715735 4 4 13 13 111000100110001
33 62 0 0 0 0.00715735 4 4 13 13 111000100110001
67 87 18 57 0.0118411 0.0823133 4 3 13 13 111000100110001
18 67 0 0 0 0.0118411 4 4 13 13 111000100110001
57 67 56 55 0.00256417 0.00927694 4 4 13 8 111000100110001
56 57 36 13 0.00249951 6.46562e-05 4 4 13 13 111000100110001
36 56 0 0 0 0.00249951 4 4 13 13 111000100110001
13 56 0 0 0 0.00249951 4 4 13 13 111000100110001
55 57 45 2 0.00137926 0.0011849 4 4 13 13 111000100110001
45 55 0 0 0 0.00137926 4 4 13 13 111000100110001
2 55 0 0 0 0.00137926 4 4 13 13 111000100110001
91 92 85 75 0.105941 0.0569172 4 4 13 13 111000100110011
85 91 81 23 0.0625419 0.0433993 4 4 13 13 111000100110011
81 85 30 79 0.0474391 0.0151028 4 4 13 13 111000100110011
30 81 0 0 0 0.0474391 4 1 13 5 111000100110011
79 81 65 74 0.041516 0.00592313 4 4 13 13 111000100110011
65 79 53 47 0.0101203 0.0313957 4 4 13 13 111000100110011
53 65 28 20 0.000970485 0.00914984 4 4 13 13 111000100110011
28 53 0 0 0 0.000970485 4 4 13 13 111000100110011
20 53 0 0 0 0.000970485 4 4 13 13 111000100110011
47 65 0 0 0 0.0101203 4 4 13 13 111000100110011
74 79 71 72 0.0292888 0.0122272 4 4 13 13 111000100110011
71 74 35 6 0.0213564 0.00793233 4 4 13 13 111000100110011
35 71 0 0 0 0.0213564 4 4 13 13 111000100110011
6 71 0 0 0 0.0213564 4 4 13 13 111000100110011
72 74 22 64 0.0220126 0.00727618 4 4 13 13 111000100110011
22 72 0 0 0 0.0220126 4 4 13 13 111000100110011
64 72 29 51 0.00981995 0.0121926 4 4 13 13 111000100110011
29 64 0 0 0 0.00981995 4 3 13 13 111000100110011
51 64 25 5 1.86732e-05 0.00980128 4 4 13 13 111000100110011
25 51 0 0 0 1.86732e-05 4 4 13 13 111000100110011
5 51 0 0 0 1.86732e-05 4 4 13 13 111000100110011
23 85 0 0 0 0.0625419 4 1 13 13 111000100110011
75 91 69 70 0.0295973 0.0763439 4 4 13 13 111000100110011
69 75 19 59 0.0193601 0.0102372 4 4 13 13 111000100110011
19 69 0 0 0 0.0193601 4 4 13 13 111000100110011
59 69 16 9 0.00342832 0.0159318 4 4 13 13 111000100110011
16 59 0 0 0 0.00342832 4 4 13 13 111000100110011
9 59 0 0 0 0.00342832 4 4 13 13 111000100110011
70 75 26 38 0.0194878 0.0101095 4 4 13 13 111000100110011
26 70 0 0 0 0.0194878 4 4 13 13 111000100110011
38 70 0 0 0 0.0194878 4 4 13 13 111000100110011
90 93 84 82 0.104959 0.142192 4 4 13 3 111111011001100
84 90 52 24 0.059875 0.0450835 4 4 13 13 111111011001100
52 84 4 17 0.000317488 0.0595575 4 4 13 13 111111011001100
4 52 0 0 0 0.000317488 4 4 13 13 111111011001100
17 52 0 0 0 0.000317488 4 4 13 13 111111011001100
24 84 0 0 0 0.059875 4 4 13 13 111111011001100
82 90 78 41 0.0546718 0.0502867 4 3 13 13 111111011001100
78 82 50 8 0.0351234 0.0195485 4 4 13 13 111111011001100
50 78 0 0 0 0.0351234 4 4 13 13 111111011001100
8 78 0 0 0 0.0351234 4 4 13 13 111111011001100
41 82 0 0 0 0.0546718 4 4 13 13 111111011001100
98 99 88 96 2.50206 0.715358 1 1 3 3 ---00----------
88 98 27 63 0.0979475 2.40411 4 1 13 3 111000100110001
27 88 0 0 0 0.0979475 4 4 13 13 111000100110001
63 88 42 7 0.00949149 0.088456 4 4 13 13 111000100110001
42 63 0 0 0 0.00949149 4 4 13 13 111000100110001
7 63 0 0 0 0.00949149 4 4 13 13 111000100110001
96 98 66 77 0.424079 2.07798 4 1 13 1 111000100110011
66 96 60 40 0.0109554 0.413123 4 4 13 5 111000111000001
60 66 34 1 0.0065756 0.00437983 4 4 13 13 111000111000001
34 60 0 0 0 0.0065756 4 1 13 13 111000111000001
1 60 0 0 0 0.0065756 4 4 13 13 111000111000001
40 66 0 0 0 0.0109554 4 4 13 13 111000111000001
77 96 68 10 0.0309384 0.39314 4 1 13 13 000000100110011
68 77 46 37 0.013092 0.0178464 4 4 13 13 000000100110011
46 68 0 0 0 0.013092 4 4 13 13 000000100110011
37 68 0 0 0 0.013092 4 4 13 13 000000100110011
10 77 0 0 0 0.0309384 4 4 13 13 000000100110011
