1000 128.951
2000 118.771
3000 130.026
4000 96.6946
5000 11.8498
6000 118.895
7000 143.557
8000 105.51
9000 130.725
10000 83.648
11000 135.498
12000 93.5952
13000 132.759
14000 74.7356
15000 98.7567
16000 109.775
17000 133.68
18000 101.559
19000 114.179
20000 139.481
21000 80.7382
22000 80.9951
23000 105.338
24000 139.181
25000 166.342
26000 106.263
27000 79.2511
28000 139.391
29000 119.908
30000 108.749
31000 134.038
32000 148.09
33000 121.718
34000 144.496
35000 138.357
36000 102.125
37000 143.043
38000 82.2323
39000 88.7525
40000 99.3202
41000 57.9553
42000 115.834
43000 81.8202
44000 85.7848
45000 49.4262
46000 77.0402
47000 77.2732
48000 104.431
49000 105.045
50000 110.403
51000 61.1249
52000 141.883
53000 93.3742
54000 74.2374
55000 106.939
56000 125.459
57000 84.0719
58000 69.5873
59000 113.769
60000 111.471
61000 59.6567
62000 112.716
63000 141.173
64000 104.941
65000 94.3694
66000 90.6984
67000 52.7323
68000 44.8092
69000 116.557
70000 69.8331
71000 27.5428
72000 113.754
73000 82.7835
74000 72.7433
75000 129.352
76000 107.363
77000 92.4209
78000 101.791
79000 39.1093
80000 40.8748
81000 38.6114
82000 91.8405
83000 106.483
84000 141.985
85000 82.3085
86000 117.665
87000 105.781
88000 112.811
89000 141.916
90000 138.96
91000 107.061
92000 84.3386
93000 87.9174
94000 106.849
95000 120.965
96000 107.541
97000 128.037
98000 111.039
99000 85.4394
100000 104.758
