99 0 98 97 2.33451 0 1 0 2 0 ---1-----------
98 99 69 95 0.97314 1.36137 1 1 2 2 ---0-----------
69 98 61 36 0.0249337 0.948207 4 1 13 1 111000100110001
61 69 57 42 0.0103117 0.014622 4 4 13 13 111000100110001
57 61 45 56 0.00787999 0.00243168 4 4 13 13 111000100110001
45 57 0 0 0 0.00787999 4 4 13 13 111000100110001
56 57 13 2 0.00640651 0.00147348 4 4 13 13 111000100110001
13 56 0 0 0 0.00640651 4 4 13 13 111000100110001
2 56 0 0 0 0.00640651 4 4 13 13 111000100110001
42 61 0 0 0 0.0103117 4 4 13 13 111000100110001
36 69 0 0 0 0.0249337 4 4 13 13 111000100110001
95 98 89 94 0.229605 0.743535 4 1 13 2 111001011001100
89 95 67 3 0.103915 0.12569 4 4 13 13 111001011001100
67 89 43 39 0.0208924 0.0830228 4 4 13 13 111001011001100
43 67 0 0 0 0.0208924 4 4 13 13 111001011001100
39 67 0 0 0 0.0208924 4 4 13 13 111001011001100
3 89 0 0 0 0.103915 4 3 13 13 111001011001100
94 95 75 44 0.178602 0.051003 4 4 13 13 111001011001100
75 94 54 73 0.0370822 0.14152 4 4 13 13 111001011001100
54 75 49 48 0.00532653 0.0317557 4 4 13 13 111001011001100
49 54 0 0 0 0.00532653 4 4 13 13 111001011001100
48 54 0 0 0 0.00532653 4 4 13 13 111001011001100
73 75 14 12 0.0282562 0.00882598 4 4 13 13 111001011001100
14 73 0 0 0 0.0282562 4 4 13 13 111001011001100
12 73 0 0 0 0.0282562 4 4 13 13 111001011001100
44 94 0 0 0 0.178602 4 3 13 13 011001011001100
97 99 91 96 0.951006 1.3835 1 1 8 1 ---0001110-----
91 97 79 85 0.149207 0.801798 4 1 13 1 111000100110011
79 91 23 76 0.0521853 0.0970222 4 4 13 13 111000100110011
23 79 0 0 0 0.0521853 4 4 13 13 111000100110011
76 79 28 66 0.0411213 0.0110639 4 4 13 13 111000100110011
28 76 0 0 0 0.0411213 4 4 13 13 111000100110011
66 76 29 62 0.0199037 0.0212176 4 4 13 13 111000100110011
29 66 0 0 0 0.0199037 4 4 13 13 111000100110011
62 66 16 25 0.0111576 0.0087461 4 4 13 13 111000100110011
16 62 0 0 0 0.0111576 4 1 13 13 111000100110011
25 62 0 0 0 0.0111576 4 4 13 13 111000100110011
85 91 77 60 0.0833468 0.0658607 4 4 13 13 111000100110011
77 85 35 70 0.0458249 0.0375219 4 1 13 13 111000100110011
35 77 0 0 0 0.0458249 4 4 13 13 111000100110011
70 77 68 63 0.0254053 0.0204196 4 4 13 9 111000100110011
68 70 59 9 0.0226043 0.00280102 4 4 13 13 111000100110011
59 68 53 20 0.00989973 0.0127046 4 4 13 13 111000100110011
53 59 51 52 0.00530591 0.00459381 4 4 13 13 111000100110011
51 53 5 26 0.00123294 0.00407297 4 4 13 13 111000100110011
5 51 0 0 0 0.00123294 4 4 13 13 111000100110011
26 51 0 0 0 0.00123294 4 4 13 13 111000100110011
52 53 22 30 0.00269769 0.00260823 4 4 13 13 111000100110011
22 52 0 0 0 0.00269769 4 4 13 13 111000100110011
30 52 0 0 0 0.00269769 4 4 13 13 111000100110011
20 59 0 0 0 0.00989973 4 4 13 13 111000100110011
9 68 0 0 0 0.0226043 4 4 13 13 111000100110011
63 70 47 19 0.0125712 0.0128342 4 4 13 13 111000100110011
47 63 0 0 0 0.0125712 4 4 13 13 111000100110011
19 63 0 0 0 0.0125712 4 4 13 13 111000100110011
60 85 6 38 0.00998171 0.0733651 4 4 13 13 111000100110011
6 60 0 0 0 0.00998171 4 4 13 13 111000100110011
38 60 0 0 0 0.00998171 4 4 13 13 111000100110011
96 97 93 90 0.588397 0.362608 1 1 13 8 ---000111000001
93 96 80 92 0.171234 0.417163 4 1 13 1 000000100110011
80 93 10 74 0.0594864 0.111748 4 4 13 13 000000100110011
10 80 0 0 0 0.0594864 4 4 13 13 000000100110011
74 80 46 37 0.0313699 0.0281165 4 4 13 13 000000100110011
46 74 0 0 0 0.0313699 4 4 13 13 000000100110011
37 74 0 0 0 0.0313699 4 4 13 13 000000100110011
92 93 78 88 0.152046 0.019188 4 4 13 1 000111011001100
78 92 11 15 0.0508761 0.10117 4 4 13 9 000111011001100
11 78 0 0 0 0.0508761 4 4 13 13 000111011001100
15 78 0 0 0 0.0508761 4 4 13 13 000111011001100
88 92 81 86 0.101104 0.050942 4 1 13 13 111111011001100
81 88 24 72 0.0642169 0.0368876 4 4 13 13 111111011001100
24 81 0 0 0 0.0642169 4 4 13 13 111111011001100
72 81 31 71 0.0260275 0.0381894 4 4 13 1 111000100110001
31 72 0 0 0 0.0260275 4 4 13 13 111000100110001
71 72 65 7 0.025762 0.00026543 4 4 13 13 111000100110001
65 71 55 27 0.0188424 0.00691963 4 4 13 13 111000100110001
55 65 18 33 0.00583217 0.0130102 4 4 13 13 111000100110001
18 55 0 0 0 0.00583217 4 4 13 13 111000100110001
33 55 0 0 0 0.00583217 4 4 13 13 111000100110001
27 65 0 0 0 0.0188424 4 4 13 13 111000100110001
7 71 0 0 0 0.025762 4 4 13 13 111000100110001
86 88 84 58 0.0893598 0.0117446 4 4 13 13 111111011001100
84 86 83 82 0.0810318 0.00832796 4 4 13 13 111111011001100
83 84 4 8 0.0772607 0.00377108 4 4 13 13 111111011001100
4 83 0 0 0 0.0772607 4 4 13 13 111111011001100
8 83 0 0 0 0.0772607 4 4 13 13 111111011001100
82 84 64 32 0.0711169 0.00991493 4 4 13 13 111111011001100
64 82 17 21 0.0138286 0.0572882 4 4 13 13 111111011001100
17 64 0 0 0 0.0138286 4 4 13 13 111111011001100
21 64 0 0 0 0.0138286 4 4 13 13 111111011001100
32 82 0 0 0 0.0711169 4 4 13 13 111111011001100
58 86 50 41 0.00847775 0.080882 4 3 13 11 111111011001100
50 58 0 0 0 0.00847775 4 4 13 13 111111011001100
41 58 0 0 0 0.00847775 4 4 13 13 111111011001100
90 96 87 34 0.145254 0.443143 4 1 13 13 111000111000001
87 90 1 40 0.0940235 0.0512307 4 4 13 13 111000111000001
1 87 0 0 0 0.0940235 4 4 13 13 111000111000001
40 87 0 0 0 0.0940235 4 4 13 13 111000111000001
34 90 0 0 0 0.145254 4 4 13 13 111000111000001
