99 0 98 97 1.71219 0 1 0 9 0 ---00010011----
98 99 67 96 0.478675 1.23352 4 1 13 9 111000100110011
67 98 40 62 0.0180865 0.460588 4 1 13 1 111000111000001
40 67 0 0 0 0.0180865 4 4 13 13 111000111000001
62 67 1 34 0.00622479 0.0118617 4 4 13 13 111000111000001
1 62 0 0 0 0.00622479 4 4 13 13 111000111000001
34 62 0 0 0 0.00622479 4 4 13 13 111000111000001
96 98 94 68 0.410836 0.0678383 4 4 13 13 111000100110011
94 96 92 91 0.279861 0.130975 4 4 13 13 111000100110011
92 94 90 80 0.223471 0.0563906 4 4 13 13 111000100110001
90 92 78 64 0.186544 0.0369268 4 4 13 13 111000100110001
78 90 73 33 0.0455021 0.141042 4 4 13 13 111000100110001
73 78 53 60 0.0254677 0.0200344 4 4 13 13 111000100110001
53 73 31 42 0.00189699 0.0235707 4 4 13 13 111000100110001
31 53 0 0 0 0.00189699 4 4 13 13 111000100110001
42 53 0 0 0 0.00189699 4 4 13 13 111000100110001
60 73 2 7 0.00470042 0.0207673 4 4 13 13 111000100110001
2 60 0 0 0 0.00470042 4 4 13 13 111000100110001
7 60 0 0 0 0.00470042 4 4 13 13 111000100110001
33 78 0 0 0 0.0455021 4 4 13 13 111000100110001
64 90 13 45 0.0143589 0.172185 4 4 13 13 111000100110001
13 64 0 0 0 0.0143589 4 4 13 13 111000100110001
45 64 0 0 0 0.0143589 4 4 13 13 111000100110001
80 92 36 51 0.0553202 0.168151 4 4 13 13 111000100110001
36 80 0 0 0 0.0553202 4 4 13 13 111000100110001
51 80 27 18 7.67043e-05 0.0552435 4 4 13 1 111000100110001
27 51 0 0 0 7.67043e-05 4 4 13 13 111000100110001
18 51 0 0 0 7.67043e-05 4 4 13 13 111000100110001
91 94 72 89 0.205495 0.0743666 4 4 13 13 111000100110011
72 91 38 9 0.0226375 0.182857 4 4 13 1 111000100110011
38 72 0 0 0 0.0226375 4 4 13 13 111000100110011
9 72 0 0 0 0.0226375 4 4 13 13 111000100110011
89 91 85 82 0.175461 0.0300339 4 4 13 13 111000100110011
85 89 57 84 0.0723148 0.103146 4 3 13 13 111000100110011
57 85 35 25 0.00375638 0.0685584 4 4 13 13 111000100110011
35 57 0 0 0 0.00375638 4 4 13 13 111000100110011
25 57 0 0 0 0.00375638 4 4 13 13 111000100110011
84 85 55 74 0.0708952 0.0014196 4 4 13 13 111000100110011
55 84 20 54 0.00254258 0.0683526 4 4 13 13 111000100110011
20 55 0 0 0 0.00254258 4 4 13 13 111000100110011
54 55 19 28 0.00247074 7.1835e-05 4 4 13 13 111000100110011
19 54 0 0 0 0.00247074 4 4 13 13 111000100110011
28 54 0 0 0 0.00247074 4 4 13 13 111000100110011
74 84 71 66 0.0279925 0.0429027 4 4 13 13 111000100110011
71 74 29 16 0.0224273 0.0055652 4 4 13 13 111000100110011
29 71 0 0 0 0.0224273 4 4 13 13 111000100110011
16 71 0 0 0 0.0224273 4 4 13 13 111000100110011
66 74 26 59 0.0149538 0.0130387 4 4 13 13 111000100110011
26 66 0 0 0 0.0149538 4 4 13 13 111000100110011
59 66 6 22 0.00448149 0.0104723 4 4 13 13 111000100110011
6 59 0 0 0 0.00448149 4 4 13 13 111000100110011
22 59 0 0 0 0.00448149 4 4 13 13 111000100110011
82 89 81 23 0.0571066 0.118354 4 4 13 13 111000100110011
81 82 5 52 0.0563079 0.000798712 4 4 13 13 111000100110011
5 81 0 0 0 0.0563079 4 4 13 13 111000100110011
52 81 47 30 0.000295908 0.056012 4 4 13 13 111000100110011
47 52 0 0 0 0.000295908 4 4 13 13 111000100110011
30 52 0 0 0 0.000295908 4 4 13 13 111000100110011
23 82 0 0 0 0.0571066 4 4 13 13 111000100110011
68 96 58 37 0.018226 0.39261 4 4 13 13 000000100110011
58 68 46 10 0.00446551 0.0137605 4 4 13 13 000000100110011
46 58 0 0 0 0.00446551 4 4 13 13 000000100110011
10 58 0 0 0 0.00446551 4 4 13 13 000000100110011
37 68 0 0 0 0.018226 4 4 13 13 000000100110011
97 99 95 70 0.4576 1.25459 4 1 13 6 111111011001100
95 97 93 87 0.338447 0.119154 4 4 13 13 111111011001100
93 95 88 44 0.257315 0.0811315 4 4 13 13 111001011001100
88 93 49 86 0.129023 0.128292 4 4 13 13 111001011001100
49 88 0 0 0 0.129023 4 4 13 13 111001011001100
86 88 69 79 0.0852786 0.0437442 4 4 13 13 111001011001100
69 86 63 39 0.0208743 0.0644043 4 4 13 13 111001011001100
63 69 48 12 0.0122123 0.00866197 4 4 13 13 111001011001100
48 63 0 0 0 0.0122123 4 4 13 13 111001011001100
12 63 0 0 0 0.0122123 4 4 13 13 111001011001100
39 69 0 0 0 0.0208743 4 4 13 13 111001011001100
79 86 61 43 0.0529342 0.0323444 4 4 13 13 111001011001100
61 79 3 14 0.00544882 0.0474854 4 4 13 13 111001011001100
3 61 0 0 0 0.00544882 4 4 13 13 111001011001100
14 61 0 0 0 0.00544882 4 4 13 13 111001011001100
43 79 0 0 0 0.0529342 4 4 13 13 111001011001100
44 93 0 0 0 0.257315 4 4 13 13 011001011001100
87 95 83 8 0.100257 0.23819 4 1 13 13 111111011001100
83 87 76 77 0.0591564 0.0411009 4 4 13 13 111111011001100
76 83 32 24 0.0325267 0.0266297 4 4 13 13 111111011001100
32 76 0 0 0 0.0325267 4 4 13 13 111111011001100
24 76 0 0 0 0.0325267 4 4 13 13 111111011001100
77 83 41 75 0.0368101 0.0223462 4 4 13 13 111111011001100
41 77 0 0 0 0.0368101 4 4 13 13 111111011001100
75 77 65 21 0.0322842 0.00452596 4 4 13 13 111111011001100
65 75 4 56 0.014953 0.0173312 4 4 13 13 111111011001100
4 65 0 0 0 0.014953 4 4 13 13 111111011001100
56 65 50 17 0.00281921 0.0121338 4 4 13 13 111111011001100
50 56 0 0 0 0.00281921 4 4 13 13 111111011001100
17 56 0 0 0 0.00281921 4 4 13 13 111111011001100
21 75 0 0 0 0.0322842 4 4 13 13 111111011001100
8 87 0 0 0 0.100257 4 4 13 13 111111011001100
70 97 11 15 0.0221155 0.435485 4 1 13 9 000111011001100
11 70 0 0 0 0.0221155 4 4 13 13 000111011001100
15 70 0 0 0 0.0221155 4 2 13 13 000111011001100
