10000 94.4228
11000 122.689
12000 146.592
13000 136.065
14000 118.749
15000 88.9536
16000 103.991
17000 103.94
18000 88.7349
19000 113.416
20000 142.122
21000 130.736
22000 135.627
23000 107.65
24000 130.731
25000 101.275
26000 113.138
27000 115.098
28000 140.844
29000 152.983
30000 102.943
31000 120.738
32000 142.756
33000 101.483
34000 135.759
35000 123.368
36000 50.9079
37000 121.062
38000 150.374
39000 134.173
40000 84.249
41000 98.4803
42000 82.1719
43000 142.29
44000 105.44
45000 143.763
46000 149.95
47000 122.199
48000 135.102
49000 116.986
50000 144.977
51000 122.166
52000 84.4044
53000 137.906
54000 89.1515
55000 156.465
56000 69.0017
57000 110.636
58000 122.492
59000 60.4743
60000 127.347
61000 127.272
62000 101.154
63000 67.4978
64000 129.181
65000 134.669
66000 146.757
67000 68.2883
68000 94.6759
69000 93.386
70000 123.461
71000 79.2453
72000 110.237
73000 136.999
74000 126.709
75000 68.8463
76000 55.8815
77000 72.9331
78000 82.7752
79000 130.13
80000 102.193
81000 95.0744
82000 142.913
83000 63.4055
84000 132.114
85000 97.4023
86000 68.0322
87000 101.027
88000 99.3657
89000 83.3185
90000 108.55
91000 51.9367
92000 30.8618
93000 56.051
94000 52.7763
95000 64.4756
96000 110.935
97000 124.859
98000 106.509
99000 143.098
100000 103.905
