10000 137.928
11000 161.73
12000 91.4724
13000 87.2726
14000 83.0977
15000 130.644
16000 160.767
17000 103.436
18000 113.709
19000 128.261
20000 63.0734
21000 121.693
22000 94.6113
23000 127.49
24000 109.413
25000 124.31
26000 125.117
27000 151.992
28000 148.152
29000 139.034
30000 120.871
31000 97.3266
32000 108.928
33000 19.1161
34000 145.348
35000 131.991
36000 160.157
37000 128.169
38000 66.338
39000 69.7038
40000 100.242
41000 128.285
42000 145.369
43000 139.958
44000 93.7218
45000 105.836
46000 84.1781
47000 79.292
48000 21.524
49000 71.2665
50000 91.4431
