99 0 98 97 1.44414 0 4 0 13 0 111000100110011
98 99 74 96 0.896348 0.547794 1 1 13 13 ---000100110011
74 98 73 40 0.0392069 0.857141 4 1 13 13 111000111000001
73 74 1 33 0.0348394 0.00436752 4 4 13 13 111000111000001
1 73 0 0 0 0.0348394 4 4 13 13 111000111000001
33 73 0 0 0 0.0348394 4 4 13 13 111000111000001
40 74 0 0 0 0.0392069 4 4 13 13 111000111000001
96 98 94 86 0.32816 0.568188 4 1 13 13 111000100110011
94 96 87 92 0.211303 0.116857 4 4 13 13 111000100110011
87 94 85 77 0.0928345 0.118469 4 4 13 13 111000100110001
85 87 42 76 0.0916205 0.00121407 4 4 13 13 111000100110001
42 85 0 0 0 0.0916205 4 4 13 13 111000100110001
76 85 63 67 0.0406933 0.0509272 4 4 13 13 111000100110001
63 76 45 58 0.0105885 0.0301048 4 4 13 13 111000100110001
45 63 0 0 0 0.0105885 4 4 13 13 111000100110001
58 63 14 18 0.00611235 0.00447611 4 4 13 13 111000100110001
14 58 0 0 0 0.00611235 4 4 13 13 111000100110001
18 58 0 0 0 0.00611235 4 4 13 13 111000100110001
67 76 66 34 0.0212235 0.0194698 4 4 13 13 111000100110001
66 67 28 53 0.0162889 0.00493463 4 4 13 13 111000100110001
28 66 0 0 0 0.0162889 4 4 13 13 111000100110001
53 66 36 2 0.00510091 0.011188 4 4 13 13 111000100110001
36 53 0 0 0 0.00510091 4 4 13 13 111000100110001
2 53 0 0 0 0.00510091 4 4 13 13 111000100110001
34 67 0 0 0 0.0212235 4 4 13 13 111000100110001
77 87 32 8 0.0413658 0.0514687 4 1 13 13 111000100110001
32 77 0 0 0 0.0413658 4 4 13 13 111000100110001
8 77 0 0 0 0.0413658 4 4 13 13 111000100110001
92 94 91 83 0.164766 0.0465378 4 4 13 13 111000100110011
91 92 89 88 0.13133 0.0334358 4 4 13 13 111000100110011
89 91 79 26 0.102548 0.0287817 4 4 13 13 111000100110011
79 89 27 35 0.0457259 0.0568222 4 4 13 13 111000100110011
27 79 0 0 0 0.0457259 4 4 13 13 111000100110011
35 79 0 0 0 0.0457259 4 2 13 13 111000100110011
26 89 0 0 0 0.102548 4 4 13 13 111000100110011
88 91 5 82 0.0993421 0.0319877 4 1 13 13 111000100110011
5 88 0 0 0 0.0993421 4 4 13 4 111000100110011
82 88 20 57 0.0709982 0.0283439 4 4 13 13 111000100110011
20 82 0 0 0 0.0709982 4 4 13 13 111000100110011
57 82 37 25 0.00593453 0.0650637 4 4 13 13 111000100110011
37 57 0 0 0 0.00593453 4 4 13 13 111000100110011
25 57 0 0 0 0.00593453 4 4 13 13 111000100110011
83 92 68 48 0.0721493 0.0926163 4 4 13 5 111000100110011
68 83 65 22 0.0288802 0.043269 4 4 13 13 111000100110011
65 68 62 64 0.0151352 0.013745 4 4 13 13 111000100110011
62 65 51 6 0.0104517 0.00468354 4 4 13 13 111000100110011
51 62 24 30 0.0017209 0.00873078 4 4 13 13 111000100110011
24 51 0 0 0 0.0017209 4 4 13 13 111000100110011
30 51 0 0 0 0.0017209 4 4 13 13 111000100110011
6 62 0 0 0 0.0104517 4 4 13 13 111000100110011
64 65 59 29 0.0106979 0.00443731 4 4 13 13 111000100110011
59 64 9 19 0.00748709 0.00321083 4 4 13 13 111000100110011
9 59 0 0 0 0.00748709 4 4 13 13 111000100110011
19 59 0 0 0 0.00748709 4 4 13 13 111000100110011
29 64 0 0 0 0.0106979 4 4 13 13 111000100110011
22 68 0 0 0 0.0288802 4 4 13 13 111000100110011
48 83 0 0 0 0.0721493 4 4 13 8 111000100110011
86 96 55 52 0.0927614 0.235399 4 4 13 13 000000100110011
55 86 38 46 0.00559556 0.0871658 4 4 13 3 000000100110011
38 55 0 0 0 0.00559556 4 4 13 13 000000100110011
46 55 0 0 0 0.00559556 4 4 13 13 000000100110011
52 86 16 10 0.0030622 0.0896992 4 1 13 13 000000100110011
16 52 0 0 0 0.0030622 4 4 13 13 000000100110011
10 52 0 0 0 0.0030622 4 4 13 13 000000100110011
97 99 95 12 0.80805 0.636093 4 4 5 5 1111110--------
95 97 90 93 0.325908 0.482142 4 4 13 5 111111011001100
90 95 84 60 0.126497 0.199412 4 4 13 13 111111011001100
84 90 15 81 0.0732704 0.0532262 4 4 13 13 111111011001100
15 84 0 0 0 0.0732704 4 4 13 13 111111011001100
81 84 72 78 0.0671139 0.00615645 4 4 13 13 111111011001100
72 81 41 61 0.033235 0.0338789 4 4 13 13 111111011001100
41 72 0 0 0 0.033235 4 4 13 13 111111011001100
61 72 49 7 0.00869797 0.024537 4 4 13 13 111111011001100
49 61 0 0 0 0.00869797 4 4 13 13 111111011001100
7 61 0 0 0 0.00869797 4 1 13 13 111111011001100
78 81 56 3 0.0422272 0.0248868 4 4 13 13 111111011001100
56 78 23 21 0.0059233 0.0363039 4 4 13 13 111111011001100
23 56 0 0 0 0.0059233 4 4 13 13 111111011001100
21 56 0 0 0 0.0059233 4 4 13 13 111111011001100
3 78 0 0 0 0.0422272 4 4 13 13 111111011001100
60 90 17 31 0.00850816 0.117988 4 1 13 13 111111011001100
17 60 0 0 0 0.00850816 4 4 13 1 111111011001100
31 60 0 0 0 0.00850816 4 4 13 13 111111011001100
93 95 80 44 0.170911 0.154997 4 4 13 13 111001011001100
80 93 75 11 0.0551382 0.115773 4 4 13 13 111001011001100
75 80 71 70 0.0399447 0.0151935 4 4 13 13 111001011001100
71 75 39 69 0.0303725 0.00957217 4 4 13 13 111001011001100
39 71 0 0 0 0.0303725 4 4 13 13 111001011001100
69 71 54 43 0.029613 0.000759507 4 4 13 13 111001011001100
54 69 4 50 0.00540339 0.0242096 4 4 13 13 111001011001100
4 54 0 0 0 0.00540339 4 4 13 13 111001011001100
50 54 0 0 0 0.00540339 4 4 13 13 111001011001100
43 69 0 0 0 0.029613 4 4 13 13 111001011001100
70 75 47 13 0.029759 0.0101857 4 4 13 13 111001011001100
47 70 0 0 0 0.029759 4 4 13 13 111001011001100
13 70 0 0 0 0.029759 4 4 13 13 111001011001100
11 80 0 0 0 0.0551382 4 4 13 13 111001011001100
44 93 0 0 0 0.170911 4 1 13 5 011001011001100
12 97 0 0 0 0.80805 4 2 13 5 000111011001100
