99 0 97 98 1.66893 0.0675192 4 0 13 0 111001011001100
97 99 72 92 0.963322 0.705606 4 4 13 13 111000011000001
72 97 33 57 0.0406157 0.922707 4 4 13 13 111000111000001
33 72 0 0 0 0.0406157 4 4 13 13 111000111000001
57 72 1 40 0.0107594 0.0298564 4 4 13 13 111000111000001
1 57 0 0 0 0.0107594 4 4 13 13 111000111000001
40 57 0 0 0 0.0107594 4 4 13 13 111000111000001
92 97 89 84 0.208448 0.754875 4 4 13 13 111000100110001
89 92 88 87 0.142836 0.0656121 4 4 13 13 111000100110001
88 89 68 86 0.138254 0.00458171 4 4 13 13 111000100110011
68 88 24 5 0.0296252 0.108629 4 4 13 13 111000100110011
24 68 0 0 0 0.0296252 4 4 13 13 111000100110011
5 68 0 0 0 0.0296252 4 4 13 13 111000100110011
86 88 82 66 0.137718 0.000535538 4 4 13 13 111000100110011
82 86 65 78 0.103106 0.0346126 4 4 13 13 111000100110011
65 82 16 38 0.0253105 0.0777951 4 4 13 13 000000100110011
16 65 0 0 0 0.0253105 4 4 13 13 000000100110011
38 65 0 0 0 0.0253105 4 4 13 13 000000100110011
78 82 77 76 0.0606945 0.0424112 4 4 13 13 111000100110011
77 78 67 58 0.0563045 0.00438993 4 4 13 13 111000100110011
67 77 52 55 0.0292986 0.0270059 4 4 13 13 111000100110011
52 67 19 26 0.00329042 0.0260082 4 4 13 13 111000100110011
19 52 0 0 0 0.00329042 4 4 13 13 111000100110011
26 52 0 0 0 0.00329042 4 4 13 13 111000100110011
55 67 48 45 0.00607278 0.0232259 4 4 13 13 111000100110011
48 55 0 0 0 0.00607278 4 4 13 13 111000100110011
45 55 0 0 0 0.00607278 4 4 13 13 111000100110011
58 77 27 22 0.012908 0.0433965 4 4 13 13 111000100110011
27 58 0 0 0 0.012908 4 4 13 13 111000100110011
22 58 0 0 0 0.012908 4 4 13 13 111000100110011
76 78 25 69 0.0525609 0.00813356 4 4 13 13 111000100110011
25 76 0 0 0 0.0525609 4 4 13 13 111000100110011
69 76 56 6 0.0343481 0.0182128 4 4 13 13 111000100110011
56 69 30 20 0.00846456 0.0258835 4 4 13 13 111000100110011
30 56 0 0 0 0.00846456 4 4 13 13 111000100110011
20 56 0 0 0 0.00846456 4 4 13 13 111000100110011
6 69 0 0 0 0.0343481 4 4 13 13 111000100110011
66 86 29 64 0.0271331 0.110585 4 4 13 13 111000100110011
29 66 0 0 0 0.0271331 4 4 13 13 111000100110011
64 66 37 62 0.0177926 0.00934056 4 4 13 13 111000100110011
37 64 0 0 0 0.0177926 4 4 13 13 111000100110011
62 64 9 35 0.0161226 0.00166991 4 4 13 13 111000100110011
9 62 0 0 0 0.0161226 4 4 13 13 111000100110011
35 62 0 0 0 0.0161226 4 4 13 13 111000100110011
87 89 74 79 0.137817 0.00501809 4 4 13 13 111000100110001
74 87 46 10 0.0487185 0.089099 4 4 13 13 000000100110001
46 74 0 0 0 0.0487185 4 4 13 13 000000100110001
10 74 0 0 0 0.0487185 4 4 13 13 000000100110011
79 87 14 53 0.0631927 0.0746247 4 4 13 13 111000100110001
14 79 0 0 0 0.0631927 4 4 13 13 111000100110001
53 79 36 51 0.00436493 0.0588278 4 4 13 13 111000100110001
36 53 0 0 0 0.00436493 4 4 13 13 111000100110001
51 53 34 8 0.000510768 0.00385416 4 4 13 13 111000100110001
34 51 0 0 0 0.000510768 4 4 13 13 111000100110001
8 51 0 0 0 0.000510768 4 4 13 13 111000100110001
84 92 81 71 0.123537 0.0849104 4 4 13 13 111000100110001
81 84 70 28 0.0787683 0.0447689 4 4 13 13 111000100110001
70 81 32 18 0.0350541 0.0437142 4 4 13 13 111000000110001
32 70 0 0 0 0.0350541 4 4 13 13 111000000110001
18 70 0 0 0 0.0350541 4 4 13 13 111000000110001
28 81 0 0 0 0.0787683 4 4 13 13 111000100110001
71 84 42 2 0.0375244 0.0860128 4 4 13 13 111000100110001
42 71 0 0 0 0.0375244 4 4 13 13 111000100110001
2 71 0 0 0 0.0375244 4 4 13 13 111000100110001
98 99 83 96 1.11281 0.556122 4 4 13 13 111001011001100
83 98 61 4 0.109635 1.00317 4 4 13 13 111001011001100
61 83 60 50 0.0150031 0.0946316 4 4 13 13 111001011001100
60 61 54 39 0.0146021 0.000400988 4 4 13 13 111001011001100
54 60 43 13 0.00466341 0.00993866 4 4 13 13 111001011001100
43 54 0 0 0 0.00466341 4 4 13 13 111001011001100
13 54 0 0 0 0.00466341 4 4 13 13 111001011001100
39 60 0 0 0 0.0146021 4 4 13 13 111001011001100
50 61 0 0 0 0.0150031 4 4 13 13 111001011001100
4 83 0 0 0 0.109635 4 4 13 13 111001011001100
96 98 12 95 0.8526 0.260206 4 4 13 13 111001011001100
12 96 0 0 0 0.8526 4 4 13 13 000001011001100
95 96 93 94 0.50636 0.34624 4 4 13 13 111001011001100
93 95 91 90 0.235964 0.270396 4 4 13 13 111111011001100
91 93 85 21 0.179818 0.0561466 4 4 13 13 111111011001100
85 91 11 80 0.134637 0.0451809 4 4 13 13 111111011001100
11 85 0 0 0 0.134637 4 4 13 13 111111011001100
80 85 23 75 0.0672515 0.0673855 4 4 13 13 111111011001100
23 80 0 0 0 0.0672515 4 4 13 13 111111011001100
75 80 49 59 0.0512257 0.0160257 4 4 13 13 111111011001100
49 75 0 0 0 0.0512257 4 4 13 13 111111011001100
59 75 17 31 0.013396 0.0378298 4 4 13 13 111111111001100
17 59 0 0 0 0.013396 4 4 13 13 111111111001100
31 59 0 0 0 0.013396 4 4 13 13 111111111001100
21 91 0 0 0 0.179818 4 4 13 13 111111011001100
90 93 63 73 0.161419 0.0745449 4 4 13 13 111111011001100
63 90 41 3 0.0169766 0.144443 4 4 13 13 111111011001100
41 63 0 0 0 0.0169766 4 4 13 13 111111011001100
3 63 0 0 0 0.0169766 4 4 13 13 111111011001100
73 90 15 7 0.0458197 0.1156 4 4 13 13 111111011001100
15 73 0 0 0 0.0458197 4 4 13 13 111111011001100
7 73 0 0 0 0.0458197 4 4 13 13 111111011001100
94 95 44 47 0.408795 0.0975656 4 4 13 13 111001011001100
44 94 0 0 0 0.408795 4 4 13 13 011001011001100
47 94 0 0 0 0.408795 4 4 13 13 111001011001100
