99 0 98 73 1.52033 0 4 0 13 0 111000111000001
98 99 95 97 1.35757 0.162765 4 4 13 13 111000111000001
95 98 94 19 0.328262 1.0293 4 4 13 13 111000100110011
94 95 88 93 0.264553 0.0637093 4 4 13 13 111000100110011
88 94 85 16 0.069081 0.195472 4 4 13 13 111000100110011
85 88 80 56 0.0562078 0.0128732 4 4 13 13 111000100110011
80 85 74 57 0.036091 0.0201167 4 4 13 13 111000100110011
74 80 26 38 0.0197015 0.0163896 4 4 13 13 111000100110011
26 74 0 0 0 0.0197015 4 4 13 13 111000100110011
38 74 0 0 0 0.0197015 4 4 13 13 111000100110011
57 80 9 23 0.00567427 0.0304168 4 4 13 13 111000100110011
9 57 0 0 0 0.00567427 4 4 13 13 111000100110011
23 57 0 0 0 0.00567427 4 4 13 13 111000100110011
56 85 30 6 0.00419942 0.0520083 4 4 13 13 111000100110011
30 56 0 0 0 0.00419942 4 4 13 13 111000100110011
6 56 0 0 0 0.00419942 4 4 13 13 111000100110011
16 88 0 0 0 0.069081 4 4 13 13 111000100110011
93 94 90 92 0.233267 0.0312862 4 4 13 13 111000100110011
90 93 81 76 0.146554 0.0867123 4 4 13 13 111000100110011
81 90 61 79 0.0398921 0.106662 4 4 13 13 111000100110011
61 81 29 22 0.0107372 0.0291549 4 4 13 13 111000100110011
29 61 0 0 0 0.0107372 4 4 13 13 111000100110011
22 61 0 0 0 0.0107372 4 4 13 13 111000100110011
79 81 28 77 0.0255418 0.0143504 4 4 13 13 111000100110011
28 79 0 0 0 0.0255418 4 4 13 13 111000100110011
77 79 35 25 0.0206411 0.00490069 4 4 13 13 111000100110011
35 77 0 0 0 0.0206411 4 4 13 13 111000100110011
25 77 0 0 0 0.0206411 4 4 13 13 111000100110011
76 90 5 62 0.019963 0.126591 4 4 13 13 111000100110011
5 76 0 0 0 0.019963 4 4 13 13 111000100110011
62 76 47 20 0.0120244 0.0079386 4 4 13 13 111000100110011
47 62 0 0 0 0.0120244 4 4 13 13 111000100110011
20 62 0 0 0 0.0120244 4 4 13 13 111000100110011
92 93 87 67 0.22556 0.00770663 4 4 13 13 111000100110011
87 92 83 82 0.064563 0.160997 4 4 13 13 111000100110001
83 87 78 27 0.0489003 0.0156627 4 4 13 13 111000100110001
78 83 33 75 0.0214693 0.027431 4 4 13 13 111000100110001
33 78 0 0 0 0.0214693 4 4 13 13 111000100110001
75 78 2 36 0.0197942 0.00167512 4 4 13 13 111000100110001
2 75 0 0 0 0.0197942 4 4 13 13 111000100110001
36 75 0 0 0 0.0197942 4 4 13 13 111000100110001
27 83 0 0 0 0.0489003 4 4 13 13 111000100110001
82 87 66 72 0.0432737 0.0212893 4 4 13 13 111000100110001
66 82 31 53 0.0136906 0.0295831 4 4 13 13 111000100110001
31 66 0 0 0 0.0136906 4 4 13 13 111000100110001
53 66 7 42 0.00116388 0.0125268 4 4 13 13 111000100110001
7 53 0 0 0 0.00116388 4 4 13 13 111000100110001
42 53 0 0 0 0.00116388 4 4 13 13 111000100110001
72 82 18 63 0.0193746 0.0238991 4 4 13 13 111000100110001
18 72 0 0 0 0.0193746 4 4 13 13 111000100110001
63 72 45 13 0.0123586 0.00701597 4 4 13 13 111000100110001
45 63 0 0 0 0.0123586 4 4 13 13 111000100110001
13 63 0 0 0 0.0123586 4 4 13 13 111000100110001
67 92 65 37 0.0161912 0.209369 4 4 13 13 000000100110011
65 67 46 10 0.0130255 0.00316573 4 4 13 13 000000100110011
46 65 0 0 0 0.0130255 4 4 13 13 000000100110011
10 65 0 0 0 0.0130255 4 4 13 13 000000100110011
37 67 0 0 0 0.0161912 4 4 13 13 000000100110011
19 95 0 0 0 0.328262 4 4 13 13 111000100110011
97 98 96 71 0.452052 0.905516 4 4 13 13 111001011001100
96 97 91 86 0.451218 0.000833078 4 4 13 13 111001011001100
91 96 59 89 0.179437 0.271782 4 4 13 13 111111011001100
59 91 11 15 0.00766355 0.171773 4 4 13 13 000111011001100
11 59 0 0 0 0.00766355 4 4 13 13 000111011001100
15 59 0 0 0 0.00766355 4 4 13 13 000111011001100
89 91 84 70 0.123921 0.0555156 4 4 13 13 111111011001100
84 89 32 68 0.0554244 0.0684967 4 4 13 13 111111011001100
32 84 0 0 0 0.0554244 4 4 13 13 111111011001100
68 84 54 17 0.016266 0.0391584 4 4 13 13 111111011001100
54 68 8 51 0.00275042 0.0135156 4 4 13 13 111111011001100
8 54 0 0 0 0.00275042 4 4 13 13 111111011001100
51 54 41 4 5.40288e-05 0.00269639 4 4 13 13 111111011001100
41 51 0 0 0 5.40288e-05 4 4 13 13 111111011001100
4 51 0 0 0 5.40288e-05 4 4 13 13 111111011001100
17 68 0 0 0 0.016266 4 4 13 13 111111011001100
70 89 55 24 0.0180344 0.105887 4 4 13 13 111111011001100
55 70 50 21 0.00275557 0.0152788 4 4 13 13 111111011001100
50 55 0 0 0 0.00275557 4 4 13 13 111111011001100
21 55 0 0 0 0.00275557 4 4 13 13 111111011001100
24 70 0 0 0 0.0180344 4 4 13 13 111111011001100
86 96 43 44 0.0611982 0.39002 4 4 13 13 111001011001100
43 86 0 0 0 0.0611982 4 4 13 13 111001011001100
44 86 0 0 0 0.0611982 4 4 13 13 011001011001100
71 97 12 69 0.0193674 0.432684 4 4 13 13 111001011001100
12 71 0 0 0 0.0193674 4 4 13 13 111001011001100
69 71 64 58 0.0172121 0.00215533 4 4 13 13 111001011001100
64 69 3 49 0.0127717 0.00444034 4 4 13 13 111001011001100
3 64 0 0 0 0.0127717 4 4 13 13 111001011001100
49 64 0 0 0 0.0127717 4 4 13 13 111001011001100
58 69 52 14 0.00573562 0.0114765 4 4 13 13 111001011001100
52 58 48 39 0.000855981 0.00487964 4 4 13 13 111001011001100
48 52 0 0 0 0.000855981 4 4 13 13 111001011001100
39 52 0 0 0 0.000855981 4 4 13 13 111001011001100
14 58 0 0 0 0.00573562 4 4 13 13 111001011001100
73 99 34 60 0.0195537 1.50078 4 4 13 13 111000111000001
34 73 0 0 0 0.0195537 4 4 13 13 111000111000001
60 73 40 1 0.00804538 0.0115084 4 4 13 13 111000111000001
40 60 0 0 0 0.00804538 4 4 13 13 111000111000001
1 60 0 0 0 0.00804538 4 4 13 13 111000111000001
