99 0 97 98 7.47747 0 4 0 13 0 111000100110011
97 99 95 94 0.898805 6.57867 4 4 13 13 111011001010101
95 97 93 86 0.506783 0.392022 4 4 13 13 111011001010101
93 95 69 89 0.290006 0.216777 4 4 13 13 111000001010101
69 93 1 33 0.0218692 0.268137 4 4 13 13 111000111010001
1 69 0 0 0 0.0218692 4 4 13 13 111000111010001
33 69 0 0 0 0.0218692 4 4 13 13 111000111010001
89 93 78 40 0.175116 0.11489 4 4 13 13 111000001010101
78 89 14 48 0.0648227 0.110294 4 4 13 13 111000001010101
14 78 0 0 0 0.0648227 4 4 13 13 111000001010100
48 78 0 0 0 0.0648227 4 4 13 13 111000001010101
40 89 0 0 0 0.175116 4 4 13 13 111000011000101
86 95 65 77 0.125441 0.381342 4 4 13 13 111011001010101
65 86 52 31 0.0129525 0.112488 4 4 13 13 111111001010100
52 65 17 7 0.0035484 0.0094041 4 4 13 13 111111001010100
17 52 0 0 0 0.0035484 4 4 13 13 111111001010100
7 52 0 0 0 0.0035484 4 4 13 13 111111001010100
31 65 0 0 0 0.0129525 4 4 13 13 111111001010100
77 86 64 21 0.0531895 0.0722515 4 4 13 13 111011001010101
64 77 15 60 0.0116061 0.0415834 4 4 13 13 111011001010101
15 64 0 0 0 0.0116061 4 4 13 13 111011001010101
60 64 24 42 0.0076533 0.00395278 4 4 13 13 111011001010101
24 60 0 0 0 0.0076533 4 4 13 13 111011001010101
42 60 0 0 0 0.0076533 4 4 13 13 111011001010101
21 77 0 0 0 0.0531895 4 4 13 13 111111001010101
94 97 92 11 0.429872 0.468933 4 4 13 13 111001011001100
92 94 88 39 0.285332 0.14454 4 4 13 13 111001011001100
88 92 51 85 0.155994 0.129337 4 4 13 13 111001011001100
51 88 3 49 0.00161353 0.154381 4 4 13 13 111111011001100
3 51 0 0 0 0.00161353 4 4 13 13 111111011001100
49 51 0 0 0 0.00161353 4 4 13 13 111111011001100
85 88 80 12 0.110452 0.0455424 4 4 13 13 111001011001100
80 85 55 44 0.0681921 0.0422597 4 4 13 13 111001011001100
55 80 50 54 0.00444747 0.0637446 4 4 13 13 111001011001100
50 55 0 0 0 0.00444747 4 4 13 13 111001011001100
54 55 4 43 0.00430015 0.000147317 4 4 13 13 111001011001100
4 54 0 0 0 0.00430015 4 4 13 13 111001011001100
43 54 0 0 0 0.00430015 4 4 13 13 111001011001100
44 80 0 0 0 0.0681921 4 4 13 13 011001011001100
12 85 0 0 0 0.110452 4 4 13 13 011011011001100
39 92 0 0 0 0.285332 4 4 13 13 111001111001000
11 94 0 0 0 0.429872 4 4 13 13 100101011001100
98 99 96 16 1.40434 6.07314 4 4 13 13 111000100110011
96 98 90 91 0.723285 0.681052 4 4 13 13 111000100110011
90 96 84 61 0.18053 0.542754 4 4 13 13 111000100110011
84 90 83 75 0.109311 0.0712193 4 4 13 13 111000100110011
83 84 67 79 0.106296 0.003015 4 4 13 13 111000100110001
67 83 2 34 0.0158818 0.0904142 4 4 13 13 111000100100001
2 67 0 0 0 0.0158818 4 4 13 13 111000100100001
34 67 0 0 0 0.0158818 4 4 13 13 111000100100001
79 83 63 46 0.0671307 0.0391654 4 4 13 13 111000100110001
63 79 36 28 0.0113477 0.055783 4 4 13 13 111000100110001
36 63 0 0 0 0.0113477 4 4 13 13 111000100110001
28 63 0 0 0 0.0113477 4 4 13 13 111000100110001
46 79 0 0 0 0.0671307 4 4 13 13 011000100110001
75 84 74 53 0.0434668 0.0658443 4 4 13 13 111000100110011
74 75 72 73 0.0358563 0.00761051 4 4 13 13 111000100110011
72 74 71 70 0.0299771 0.00587913 4 4 13 13 111000100110011
71 72 68 5 0.0285007 0.00147647 4 4 13 13 111000100110011
68 71 66 19 0.0213351 0.00716555 4 4 13 13 111000100110011
66 68 26 56 0.0158417 0.00549343 4 4 13 13 111000100110011
26 66 0 0 0 0.0158417 4 4 13 13 111000100110011
56 66 25 20 0.00667172 0.00916997 4 4 13 13 111000100110011
25 56 0 0 0 0.00667172 4 4 13 13 111000100110011
20 56 0 0 0 0.00667172 4 4 13 13 111000100110011
19 68 0 0 0 0.0213351 4 4 13 13 111000100110011
5 71 0 0 0 0.0285007 4 4 13 13 111000100110011
70 72 29 35 0.0230472 0.00692991 4 4 13 13 111000100110011
29 70 0 0 0 0.0230472 4 4 13 13 111000100110011
35 70 0 0 0 0.0230472 4 4 13 13 111000100110011
73 74 27 62 0.0334865 0.00236979 4 4 13 13 111000100110011
27 73 0 0 0 0.0334865 4 4 13 13 111000100110011
62 73 30 6 0.00963549 0.023851 4 4 13 13 111000100110011
30 62 0 0 0 0.00963549 4 4 13 13 111000100110011
6 62 0 0 0 0.00963549 4 4 13 13 111000100110011
53 75 38 10 0.00413723 0.0393296 4 4 13 13 011000100110011
38 53 0 0 0 0.00413723 4 4 13 13 011000100110011
10 53 0 0 0 0.00413723 4 4 13 13 011000100110011
61 90 58 45 0.00934198 0.171188 4 4 13 13 100000100110011
58 61 9 37 0.00680572 0.00253625 4 4 13 13 100000100110011
9 58 0 0 0 0.00680572 4 4 13 13 100000100110011
37 58 0 0 0 0.00680572 4 4 13 13 100000100110011
45 61 0 0 0 0.00934198 4 4 13 13 100000100110011
91 96 76 87 0.262917 0.460368 4 4 13 13 111100110101000
76 91 59 13 0.0518112 0.211106 4 4 13 13 111000110101001
59 76 57 32 0.00739526 0.044416 4 4 13 13 111000110101001
57 59 8 18 0.00679835 0.000596906 4 4 13 13 111000110101001
8 57 0 0 0 0.00679835 4 4 13 13 111000110101001
18 57 0 0 0 0.00679835 4 4 13 13 111000110101001
32 59 0 0 0 0.00739526 4 4 13 13 111000110101001
13 76 0 0 0 0.0518112 4 4 13 13 111001110101001
87 91 82 81 0.125972 0.136945 4 4 13 13 111100110101000
82 87 22 47 0.0958601 0.0301118 4 4 13 13 111001110101010
22 82 0 0 0 0.0958601 4 4 13 13 111000110101010
47 82 0 0 0 0.0958601 4 4 13 13 111001110101010
81 87 23 41 0.0856978 0.040274 4 4 13 13 111100110101000
23 81 0 0 0 0.0856978 4 4 13 13 111100110101010
41 81 0 0 0 0.0856978 4 4 13 13 111100110101000
16 98 0 0 0 1.40434 4 4 13 13 000100110101010
