99 0 98 97 2.08158 0 4 0 13 0 111000100110011
98 99 76 96 0.537064 1.54451 4 4 13 13 111000100110011
76 98 34 52 0.0327058 0.504358 4 4 13 13 111000111000001
34 76 0 0 0 0.0327058 4 4 13 13 111000111000001
52 76 1 40 0.00168742 0.0310184 4 4 13 13 111000111000001
1 52 0 0 0 0.00168742 4 4 13 13 111000111000001
40 52 0 0 0 0.00168742 4 4 13 13 111000111000001
96 98 94 73 0.280252 0.256812 4 4 13 13 111000100110011
94 96 91 92 0.178486 0.101766 4 4 13 13 111000100110011
91 94 86 7 0.132527 0.0459587 4 4 13 13 111000100110001
86 91 75 78 0.089569 0.042958 4 4 13 13 111000100110001
75 86 61 70 0.0318971 0.057672 4 4 13 13 111000100110001
61 75 45 42 0.00730944 0.0245876 4 4 13 13 111000100110001
45 61 0 0 0 0.00730944 4 4 13 13 111000100110001
42 61 0 0 0 0.00730944 4 4 13 13 111000100110001
70 75 27 33 0.0225993 0.00929775 4 4 13 13 111000100110001
27 70 0 0 0 0.0225993 4 4 13 13 111000100110001
33 70 0 0 0 0.0225993 4 4 13 13 111000100110001
78 86 71 31 0.0498005 0.0397685 4 4 13 13 111000100110001
71 78 36 66 0.0233751 0.0264254 4 4 13 13 111000100110001
36 71 0 0 0 0.0233751 4 4 13 13 111000100110001
66 71 18 62 0.0141799 0.00919518 4 4 13 13 111000100110001
18 66 0 0 0 0.0141799 4 4 13 13 111000100110001
62 66 2 13 0.00935762 0.00482232 4 4 13 13 111000100110001
2 62 0 0 0 0.00935762 4 4 13 13 111000100110001
13 62 0 0 0 0.00935762 4 4 13 13 111000100110001
31 78 0 0 0 0.0498005 4 4 13 13 111000100110001
7 91 0 0 0 0.132527 4 4 13 13 111000100110001
92 94 87 90 0.13521 0.043276 4 4 13 13 111000100110011
87 92 85 83 0.0954922 0.0397175 4 4 13 13 111000100110011
85 87 72 81 0.0806163 0.0148758 4 4 13 13 111000100110011
72 85 19 65 0.0259378 0.0546786 4 4 13 13 111000100110011
19 72 0 0 0 0.0259378 4 4 13 13 111000100110011
65 72 51 47 0.0129994 0.0129383 4 4 13 13 111000100110011
51 65 26 22 0.000123159 0.0128763 4 4 13 13 111000100110011
26 51 0 0 0 0.000123159 4 4 13 13 111000100110011
22 51 0 0 0 0.000123159 4 4 13 13 111000100110011
47 65 0 0 0 0.0129994 4 4 13 13 111000100110011
81 85 16 29 0.0710777 0.00953867 4 4 13 13 111000100110011
16 81 0 0 0 0.0710777 4 4 13 13 111000100110011
29 81 0 0 0 0.0710777 4 4 13 13 111000100110011
83 87 68 30 0.0789707 0.0165215 4 4 13 13 111000100110011
68 83 35 38 0.0215055 0.0574651 4 4 13 13 111000100110011
35 68 0 0 0 0.0215055 4 4 13 13 111000100110011
38 68 0 0 0 0.0215055 4 4 13 13 111000100110011
30 83 0 0 0 0.0789707 4 4 13 13 111000100110011
90 92 79 69 0.125486 0.00972376 4 4 13 13 111000100110011
79 90 9 54 0.0648646 0.0606214 4 4 13 13 111000100110011
9 79 0 0 0 0.0648646 4 4 13 13 111000100110011
54 79 23 28 0.00188959 0.062975 4 4 13 13 111000100110011
23 54 0 0 0 0.00188959 4 4 13 13 111000100110011
28 54 0 0 0 0.00188959 4 4 13 13 111000100110011
69 90 6 60 0.0222381 0.103248 4 4 13 13 111000100110011
6 69 0 0 0 0.0222381 4 4 13 13 111000100110011
60 69 55 25 0.00684507 0.0153931 4 4 13 13 111000100110011
55 60 20 5 0.00219009 0.00465499 4 4 13 13 111000100110011
20 55 0 0 0 0.00219009 4 4 13 13 111000100110011
5 55 0 0 0 0.00219009 4 4 13 13 111000100110011
25 60 0 0 0 0.00684507 4 4 13 13 111000100110011
73 96 58 10 0.0262054 0.254046 4 4 13 13 000000100110011
58 73 37 46 0.00513803 0.0210673 4 4 13 13 000000100110011
37 58 0 0 0 0.00513803 4 4 13 13 000000100110011
46 58 0 0 0 0.00513803 4 4 13 13 000000100110011
10 73 0 0 0 0.0262054 4 4 13 13 000000100110011
97 99 95 59 0.500433 1.58114 4 4 13 13 111111011001100
95 97 93 89 0.211804 0.28863 4 4 13 13 111111011001100
93 95 88 44 0.138928 0.0728752 4 4 13 13 111001011001100
88 93 49 84 0.116661 0.0222671 4 4 13 13 111001011001100
49 88 0 0 0 0.116661 4 4 13 13 111001011001100
84 88 82 80 0.0795785 0.0370827 4 4 13 13 111001011001100
82 84 74 63 0.0759677 0.00361081 4 4 13 13 111001011001100
74 82 3 43 0.0283812 0.0475865 4 4 13 13 111001011001100
3 74 0 0 0 0.0283812 4 4 13 13 111001011001100
43 74 0 0 0 0.0283812 4 4 13 13 111001011001100
63 82 39 12 0.00997301 0.0659947 4 4 13 13 111001011001100
39 63 0 0 0 0.00997301 4 4 13 13 111001011001100
12 63 0 0 0 0.00997301 4 4 13 13 111001011001100
80 84 48 14 0.0668469 0.0127317 4 4 13 13 111001011001100
48 80 0 0 0 0.0668469 4 4 13 13 111001011001100
14 80 0 0 0 0.0668469 4 4 13 13 111001011001100
44 93 0 0 0 0.138928 4 4 13 13 011001011001100
89 95 64 77 0.123988 0.0878154 4 4 13 13 111111011001100
64 89 21 24 0.0125788 0.111409 4 4 13 13 111111011001100
21 64 0 0 0 0.0125788 4 4 13 13 111111011001100
24 64 0 0 0 0.0125788 4 4 13 13 111111011001100
77 89 67 50 0.0387202 0.0852679 4 4 13 13 111111011001100
67 77 41 57 0.0175206 0.0211997 4 4 13 13 111111011001100
41 67 0 0 0 0.0175206 4 4 13 13 111111011001100
57 67 56 53 0.00409598 0.0134246 4 4 13 13 111111011001100
56 57 17 8 0.00317401 0.000921978 4 4 13 13 111111011001100
17 56 0 0 0 0.00317401 4 4 13 13 111111011001100
8 56 0 0 0 0.00317401 4 4 13 13 111111011001100
53 57 4 32 0.00173581 0.00236018 4 4 13 13 111111011001100
4 53 0 0 0 0.00173581 4 4 13 13 111111011001100
32 53 0 0 0 0.00173581 4 4 13 13 111111011001100
50 77 0 0 0 0.0387202 4 4 13 13 111111011001100
59 97 15 11 0.00558812 0.494845 4 4 13 13 000111011001100
15 59 0 0 0 0.00558812 4 4 13 13 000111011001100
11 59 0 0 0 0.00558812 4 4 13 13 000111011001100
