10000 94.4228
11000 122.689
12000 146.592
13000 136.065
14000 118.749
15000 88.9536
16000 103.991
17000 103.94
18000 88.7349
19000 113.416
20000 142.122
21000 130.736
22000 135.627
23000 107.65
24000 130.731
25000 101.275
26000 113.138
27000 115.098
28000 140.844
29000 152.983
30000 102.943
31000 120.738
32000 142.756
33000 101.483
34000 135.759
35000 123.368
36000 50.9079
37000 121.062
38000 150.374
39000 134.173
40000 84.249
41000 98.4803
42000 82.1719
43000 142.29
44000 105.44
45000 143.763
46000 149.95
47000 122.199
48000 135.102
49000 116.986
50000 144.977
