99 0 98 89 3.26805 0 4 0 13 0 111000111000000
98 99 55 97 1.38711 1.88095 4 4 13 13 111000101110001
55 98 40 52 0.00607429 1.38103 4 4 13 13 111000111000001
40 55 0 0 0 0.00607429 4 4 13 13 111000111000001
52 55 34 1 0.00100174 0.00507255 4 4 13 13 111000111000001
34 52 0 0 0 0.00100174 4 4 13 13 111000111000001
1 52 0 0 0 0.00100174 4 4 13 13 111000111000001
97 98 94 96 0.849962 0.537147 4 4 13 13 111000100110001
94 97 93 92 0.467384 0.382578 4 4 13 13 111000100110001
93 94 7 81 0.366883 0.100501 4 4 13 13 111000100110001
7 93 0 0 0 0.366883 4 4 13 13 111000100110001
81 93 42 2 0.0842923 0.282591 4 4 13 13 111000100110001
42 81 0 0 0 0.0842923 4 4 13 13 111000100110001
2 81 0 0 0 0.0842923 4 4 13 13 111000100110001
92 94 73 91 0.335256 0.132128 4 4 13 13 111000100110001
73 92 13 33 0.0489427 0.286313 4 4 13 13 111000100110001
13 73 0 0 0 0.0489427 4 4 13 13 111000100110001
33 73 0 0 0 0.0489427 4 4 13 13 111000100110001
91 92 36 88 0.30707 0.0281857 4 4 13 13 111000100110001
36 91 0 0 0 0.30707 4 4 13 13 111000100110001
88 91 45 85 0.242257 0.064813 4 4 13 13 111000100110001
45 88 0 0 0 0.242257 4 4 13 13 111000100110001
85 88 79 65 0.119742 0.122515 4 4 13 13 111000100110011
79 85 6 77 0.0762163 0.043526 4 4 13 13 111000100110011
6 79 0 0 0 0.0762163 4 4 13 13 111000100110011
77 79 66 76 0.0687263 0.00749009 4 4 13 13 111000100110011
66 77 56 20 0.0265582 0.042168 4 4 13 13 111000100110011
56 66 23 30 0.00610296 0.0204553 4 4 13 13 111000100110011
23 56 0 0 0 0.00610296 4 4 13 13 111000100110011
30 56 0 0 0 0.00610296 4 4 13 13 111000100110011
20 66 0 0 0 0.0265582 4 4 13 13 111000100110011
76 77 35 61 0.0663131 0.00241315 4 4 13 13 111000100110011
35 76 0 0 0 0.0663131 4 4 13 13 111000100110011
61 76 9 29 0.0111648 0.0551483 4 4 13 13 111000100110011
9 61 0 0 0 0.0111648 4 4 13 13 111000100110011
29 61 0 0 0 0.0111648 4 4 13 13 111000100110011
65 85 5 47 0.024228 0.0955143 4 4 13 13 111000100110011
5 65 0 0 0 0.024228 4 4 13 13 111000100110011
47 65 0 0 0 0.024228 4 4 13 13 111000100110011
96 97 70 95 0.556567 0.293395 4 4 13 13 111000100110001
70 96 62 10 0.0337434 0.522824 4 4 13 13 000000100110011
62 70 37 46 0.0115825 0.022161 4 4 13 13 000000100110011
37 62 0 0 0 0.0115825 4 4 13 13 000000100110011
46 62 0 0 0 0.0115825 4 4 13 13 000000100110011
10 70 0 0 0 0.0337434 4 4 13 13 000000100110011
95 96 90 27 0.47987 0.076697 4 4 13 13 111000100110001
90 95 63 78 0.30355 0.17632 4 4 13 13 111000100110001
63 90 31 18 0.0126021 0.290948 4 4 13 13 111000100110001
31 63 0 0 0 0.0126021 4 4 13 13 111000100110001
18 63 0 0 0 0.0126021 4 4 13 13 111000100110001
78 90 38 75 0.0712051 0.232345 4 4 13 13 111000100110011
38 78 0 0 0 0.0712051 4 4 13 13 111000100110011
75 78 67 69 0.0641683 0.00703673 4 4 13 13 111000100110011
67 75 57 25 0.0286601 0.0355082 4 4 13 13 111000100110011
57 67 19 26 0.0063545 0.0223056 4 4 13 13 111000100110011
19 57 0 0 0 0.0063545 4 4 13 13 111000100110011
26 57 0 0 0 0.0063545 4 4 13 13 111000100110011
25 67 0 0 0 0.0286601 4 4 13 13 111000100110011
69 75 64 16 0.0337402 0.0304282 4 4 13 13 111000100110011
64 69 28 22 0.0132803 0.0204599 4 4 13 13 111000100110011
28 64 0 0 0 0.0132803 4 4 13 13 111000100110011
22 64 0 0 0 0.0132803 4 4 13 13 111000100110011
16 69 0 0 0 0.0337402 4 4 13 13 111000100110011
27 95 0 0 0 0.47987 4 4 13 13 111000100110001
89 99 87 51 0.260871 3.00718 4 4 13 13 111001011001100
87 89 84 86 0.238284 0.0225871 4 4 13 13 111001011001100
84 87 74 58 0.103232 0.135051 4 4 13 13 111001011001100
74 84 60 39 0.0569129 0.0463193 4 4 13 13 111001011001100
60 74 14 48 0.00992245 0.0469905 4 4 13 13 111001011001100
14 60 0 0 0 0.00992245 4 4 13 13 111001011001100
48 60 0 0 0 0.00992245 4 4 13 13 111001011001100
39 74 0 0 0 0.0569129 4 4 13 13 111001011001100
58 84 54 44 0.00739108 0.0958411 4 4 13 13 111001011001100
54 58 12 3 0.00517396 0.00221712 4 4 13 13 111001011001100
12 54 0 0 0 0.00517396 4 4 13 13 111001011001100
3 54 0 0 0 0.00517396 4 4 13 13 111001011001100
44 58 0 0 0 0.00739108 4 4 13 13 011001011001100
86 87 80 83 0.130643 0.107641 4 4 13 13 111111011001100
80 86 68 72 0.0809537 0.0496889 4 4 13 13 111111011001100
68 80 4 50 0.0312689 0.0496848 4 4 13 13 111111011001100
4 68 0 0 0 0.0312689 4 4 13 13 111111011001100
50 68 0 0 0 0.0312689 4 4 13 13 111111011001100
72 80 59 53 0.048618 0.0323358 4 4 13 13 111111011001100
59 72 8 17 0.00869711 0.0399208 4 4 13 13 111111011001100
8 59 0 0 0 0.00869711 4 4 13 13 111111011001100
17 59 0 0 0 0.00869711 4 4 13 13 111111011001100
53 72 15 11 0.00382596 0.044792 4 4 13 13 000111011001100
15 53 0 0 0 0.00382596 4 4 13 13 000111011001100
11 53 0 0 0 0.00382596 4 4 13 13 000111011001100
83 86 32 82 0.0990573 0.0315853 4 4 13 13 111111011001100
32 83 0 0 0 0.0990573 4 4 13 13 111111011001100
82 83 71 24 0.0866604 0.0123969 4 4 13 13 111111011001100
71 82 21 41 0.0442771 0.0423833 4 4 13 13 111111011001100
21 71 0 0 0 0.0442771 4 4 13 13 111111011001100
41 71 0 0 0 0.0442771 4 4 13 13 111111011001100
24 82 0 0 0 0.0866604 4 4 13 13 111111011001100
51 89 49 43 0.000154535 0.260716 4 4 13 13 111001011001100
49 51 0 0 0 0.000154535 4 4 13 13 111001011001100
43 51 0 0 0 0.000154535 4 4 13 13 111001011001100
