111000111000001
111000100110001
111001011001100
111111011001100
111000100110011
111000100110011
111000100110001
111111011001100
000000100110011
111000100110011
000111011001100
111001011001100
111000100110001
111001011001100
111111011001100
000000100110011
111000100110001
111111011001100
111000100110011
111000100110011
111111011001100
111000100110011
111000100110011
111111011001100
111000100110011
111000100110011
111000100110001
111000100110011
111000100110011
111000100110011
111000100110001
111111011001100
111000111000001
111000100110001
111000100110001
111000100110011
000000100110011
111000100110011
111000111000001
111001011001100
111000100110001
111111011001100
011001011001100
111001011001100
111000100110001
000000100110011
111000100110011
111001011001100
111111011001100
111001011001100
